Unity Editor version:    2022.3.47f1 (88c277b85d21)
Branch:                  2022.3/staging
Build type:              Release
Batch mode:              YES
System name:             Linux
Distro version:          #1 SMP PREEMPT_DYNAMIC Fri, 20 Sep 2024 09:23:13 +0000
Kernel version:          6.11.0-5-cachyos
Architecture:            x86_64
Available memory:        15953 MB
Using pre-set license
Pro License: YES

(Unity:37531): Gtk-CRITICAL **: 18:18:42.179: gtk_window_set_default_icon: assertion 'GDK_IS_PIXBUF (icon)' failed

(Unity:37531): GLib-GObject-CRITICAL **: 18:18:42.180: g_object_unref: assertion 'G_IS_OBJECT (object)' failed
Desktop is 1920 x 1080 @ 60 Hz
Initialize udev device monitor.

COMMAND LINE ARGUMENTS:
Unity
-adb2
-batchMode
-noUpm
-name
AssetImportWorker0
-projectPath
/home/v1ctor/workspace/racing/mobilegame
-logFile
Logs/AssetImportWorker0.log
-srvPort
39385
Successfully changed project path to: /home/v1ctor/workspace/racing/mobilegame
/home/v1ctor/workspace/racing/mobilegame
[UnityMemory] Configuration Parameters - Can be set up in boot.config
    "memorysetup-bucket-allocator-granularity=16"
    "memorysetup-bucket-allocator-bucket-count=8"
    "memorysetup-bucket-allocator-block-size=33554432"
    "memorysetup-bucket-allocator-block-count=8"
    "memorysetup-main-allocator-block-size=16777216"
    "memorysetup-thread-allocator-block-size=16777216"
    "memorysetup-gfx-main-allocator-block-size=16777216"
    "memorysetup-gfx-thread-allocator-block-size=16777216"
    "memorysetup-cache-allocator-block-size=4194304"
    "memorysetup-typetree-allocator-block-size=2097152"
    "memorysetup-profiler-bucket-allocator-granularity=16"
    "memorysetup-profiler-bucket-allocator-bucket-count=8"
    "memorysetup-profiler-bucket-allocator-block-size=33554432"
    "memorysetup-profiler-bucket-allocator-block-count=8"
    "memorysetup-profiler-allocator-block-size=16777216"
    "memorysetup-profiler-editor-allocator-block-size=1048576"
    "memorysetup-temp-allocator-size-main=16777216"
    "memorysetup-job-temp-allocator-block-size=2097152"
    "memorysetup-job-temp-allocator-block-size-background=1048576"
    "memorysetup-job-temp-allocator-reduction-small-platforms=262144"
    "memorysetup-allocator-temp-initial-block-size-main=262144"
    "memorysetup-allocator-temp-initial-block-size-worker=262144"
    "memorysetup-temp-allocator-size-background-worker=32768"
    "memorysetup-temp-allocator-size-job-worker=262144"
    "memorysetup-temp-allocator-size-preload-manager=33554432"
    "memorysetup-temp-allocator-size-nav-mesh-worker=65536"
    "memorysetup-temp-allocator-size-audio-worker=65536"
    "memorysetup-temp-allocator-size-cloud-worker=32768"
    "memorysetup-temp-allocator-size-gi-baking-worker=262144"
    "memorysetup-temp-allocator-size-gfx=262144"
Player connection [130239460778752]  Target information:

Player connection [130239460778752]  * "[IP] 192.168.1.8 [Port] 0 [Flags] 2 [Guid] 3079093655 [EditorId] 3079093655 [Version] 1048832 [Id] LinuxEditor(16,192.168.1.8) [Debug] 1 [PackageName] LinuxEditor [ProjectName] Editor" 

Player connection [130239460778752] Host joined multi-casting on [225.0.0.222:54997]...
Player connection [130239460778752] Host joined alternative multi-casting on [225.0.0.222:34997]...
[PhysX] Initialized MultithreadedTaskDispatcher with 4 workers.
Cannot open lmdb database .//Library/ArtifactDB because another process has a lock on it. Will retry.
Cannot open lmdb database .//Library/ArtifactDB because another process has a lock on it. Will retry.
Cannot open lmdb database .//Library/ArtifactDB because another process has a lock on it. Will retry.
Cannot open lmdb database .//Library/ArtifactDB because another process has a lock on it. Will retry.
Cannot open lmdb database .//Library/ArtifactDB because another process has a lock on it. Will retry.
Cannot open lmdb database .//Library/ArtifactDB because another process has a lock on it. Will retry.
mdb_env_open failed on './/Library/ArtifactDB' with error: -30793 'MDB_INVALID: File is not an LMDB file'
